<?xml version="1.0" encoding="UTF-8"?>
<testsuite xmlns:xsi="http://www.w3.org/2001/XMLSchema-instance" xsi:noNamespaceSchemaLocation="https://maven.apache.org/surefire/maven-surefire-plugin/xsd/surefire-test-report-3.0.xsd" version="3.0" name="com.billdesk.simulator.ChecksumUtilTest" time="0.104" tests="7" errors="0" skipped="0" failures="0">
  <properties>
[...]
</properties>
  <testcase name="test_different_data_gives_different_checksum" classname="com.billdesk.simulator.ChecksumUtilTest" time="0.069"/>
  <testcase name="test_checksum_length_is_128_characters" classname="com.billdesk.simulator.ChecksumUtilTest" time="0.003"/>
  <testcase name="test_validation_fails_when_amount_is_tampered" classname="com.billdesk.simulator.ChecksumUtilTest" time="0.003"/>
  <testcase name="test_validation_passes_for_correct_checksum" classname="com.billdesk.simulator.ChecksumUtilTest" time="0.002"/>
  <testcase name="test_validation_fails_for_wrong_checksum_key" classname="com.billdesk.simulator.ChecksumUtilTest" time="0.002"/>
  <testcase name="test_same_data_gives_same_checksum" classname="com.billdesk.simulator.ChecksumUtilTest" time="0.001"/>
  <testcase name="test_checksum_is_lowercase_hex" classname="com.billdesk.simulator.ChecksumUtilTest" time="0.001"/>
</testsuite>